<?xml version="1.0" encoding="UTF-8"?>
<!-- Generated by org.testng.reporters.JUnitReportReporter -->
<testsuite hostname="DESKTOP-R7P9VL4" name="com.practiceTestClasses.BrokenLinks" tests="1" failures="0" timestamp="10 Oct 2019 11:45:01 GMT" time="132.674" errors="0">
  <testcase name="findLinks" time="132.674" classname="com.practiceTestClasses.BrokenLinks"/>
</testsuite> <!-- com.practiceTestClasses.BrokenLinks -->
