<?xml version="1.0" encoding="UTF-8"?>
<!-- Generated by org.testng.reporters.JUnitReportReporter -->
<testsuite hostname="DESKTOP-R7P9VL4" name="com.practiceTestClasses.CheckingStaticVariables" tests="1" failures="0" timestamp="11 Oct 2019 10:08:17 GMT" time="0.019" errors="0">
  <testcase name="changeTheValueOf_i" time="0.019" classname="com.practiceTestClasses.CheckingStaticVariables"/>
</testsuite> <!-- com.practiceTestClasses.CheckingStaticVariables -->
