<?xml version="1.0" encoding="UTF-8"?>
<!-- Generated by org.testng.reporters.JUnitReportReporter -->
<testsuite hostname="DESKTOP-R7P9VL4" name="com.testclasses.DataProviderTest" tests="2" failures="0" timestamp="8 Oct 2019 06:14:38 GMT" time="31.171" errors="0">
  <testcase name="loginTest" time="13.277" classname="com.testclasses.DataProviderTest"/>
  <testcase name="loginTest" time="17.894" classname="com.testclasses.DataProviderTest"/>
</testsuite> <!-- com.testclasses.DataProviderTest -->
