<?xml version="1.0" encoding="UTF-8"?>
<!-- Generated by org.testng.reporters.JUnitReportReporter -->
<testsuite hostname="DESKTOP-R7P9VL4" name="com.testclasses.PracticeTestClass" tests="1" failures="0" timestamp="20 Oct 2019 18:52:26 GMT" time="0.036" errors="0">
  <testcase name="testMethod" time="0.036" classname="com.testclasses.PracticeTestClass"/>
</testsuite> <!-- com.testclasses.PracticeTestClass -->
