<?xml version="1.0" encoding="UTF-8"?>
<!-- Generated by org.testng.reporters.JUnitReportReporter -->
<testsuite hostname="DESKTOP-R7P9VL4" name="com.testclasses.TP_HomePageTest" tests="1" failures="0" timestamp="6 Oct 2019 12:04:03 GMT" time="0.002" errors="0">
  <testcase name="simpleTest" time="0.002" classname="com.testclasses.TP_HomePageTest"/>
</testsuite> <!-- com.testclasses.TP_HomePageTest -->
